2023-06-17 18:55:44,516 [main] INFO Luma E-Commerce - >>>>>>>>> Test Execute On Chrome Browser >>>>>>>>>>
2023-06-17 18:55:45,264 [main] INFO io.github.bonigarcia.wdm.WebDriverManager - Using chromedriver 114.0.5735.90 (resolved driver for Chrome 114)
2023-06-17 18:55:45,279 [main] INFO io.github.bonigarcia.wdm.WebDriverManager - Exporting webdriver.chrome.driver as C:\Users\moham\.cache\selenium\chromedriver\win32\114.0.5735.90\chromedriver.exe
2023-06-17 18:55:47,475 [main] INFO Luma E-Commerce - >>>>>>>>> User can click on sign In BTN >>>>>>>>>>
2023-06-17 18:55:48,620 [main] INFO Luma E-Commerce - >>>>>>>>> User can enter the userName >>>>>>>>>>
2023-06-17 18:55:48,786 [main] INFO Luma E-Commerce - >>>>>>>>> User can enter the password >>>>>>>>>>
2023-06-17 18:55:48,831 [main] INFO Luma E-Commerce - >>>>>>>>> User can click on log In BTN >>>>>>>>>>
2023-06-17 18:55:50,276 [main] INFO Luma E-Commerce - >>>>>>>>> User able to verify user info on the screen >>>>>>>>>>
2023-06-17 18:55:51,274 [main] INFO Luma E-Commerce - >>>>>>>>> User able to hover over top men module >>>>>>>>>>
2023-06-17 18:55:51,440 [main] INFO Luma E-Commerce - >>>>>>>>> User able to hover over tops inside the man module >>>>>>>>>>
2023-06-17 18:55:51,610 [main] INFO Luma E-Commerce - >>>>>>>>> User able to click on jacket >>>>>>>>>>
2023-06-17 19:00:10,112 [main] INFO Luma E-Commerce - >>>>>>>>> Test Execute On Edge Browser >>>>>>>>>>
2023-06-17 19:00:13,227 [main] INFO io.github.bonigarcia.wdm.WebDriverManager - Using msedgedriver 114.0.1823.51 (resolved driver for Edge 114)
2023-06-17 19:00:13,251 [main] INFO io.github.bonigarcia.wdm.WebDriverManager - Reading https://msedgedriver.azureedge.net/?restype=container&comp=list to seek msedgedriver
2023-06-17 19:00:16,161 [main] INFO io.github.bonigarcia.wdm.online.Downloader - Downloading https://msedgedriver.azureedge.net/114.0.1823.51/edgedriver_win64.zip
2023-06-17 19:00:18,643 [main] INFO io.github.bonigarcia.wdm.online.Downloader - Extracting driver from compressed file edgedriver_win64.zip
2023-06-17 19:00:18,799 [main] INFO io.github.bonigarcia.wdm.WebDriverManager - Exporting webdriver.edge.driver as C:\Users\moham\.cache\selenium\msedgedriver\win64\114.0.1823.51\msedgedriver.exe
2023-06-17 19:00:21,472 [main] INFO Luma E-Commerce - >>>>>>>>> User can click on sign In BTN >>>>>>>>>>
2023-06-17 19:00:22,645 [main] INFO Luma E-Commerce - >>>>>>>>> User can enter the userName >>>>>>>>>>
2023-06-17 19:00:22,803 [main] INFO Luma E-Commerce - >>>>>>>>> User can enter the password >>>>>>>>>>
2023-06-17 19:00:22,852 [main] INFO Luma E-Commerce - >>>>>>>>> User can click on log In BTN >>>>>>>>>>
2023-06-17 19:00:24,101 [main] INFO Luma E-Commerce - >>>>>>>>> User able to verify user info on the screen >>>>>>>>>>
2023-06-17 19:00:25,030 [main] INFO Luma E-Commerce - >>>>>>>>> User able to hover over top men module >>>>>>>>>>
2023-06-17 19:00:25,187 [main] INFO Luma E-Commerce - >>>>>>>>> User able to hover over tops inside the man module >>>>>>>>>>
2023-06-17 19:00:25,358 [main] INFO Luma E-Commerce - >>>>>>>>> User able to click on jacket >>>>>>>>>>
2023-06-17 19:13:02,816 [main] INFO Luma E-Commerce - >>>>>>>>> Test Execute On Chrome Browser >>>>>>>>>>
2023-06-17 19:13:03,116 [main] INFO io.github.bonigarcia.wdm.WebDriverManager - Using chromedriver 114.0.5735.90 (resolved driver for Chrome 114)
2023-06-17 19:13:03,138 [main] INFO io.github.bonigarcia.wdm.WebDriverManager - Exporting webdriver.chrome.driver as C:\Users\moham\.cache\selenium\chromedriver\win32\114.0.5735.90\chromedriver.exe
2023-06-17 19:13:05,409 [main] INFO Luma E-Commerce - >>>>>>>>> User can click on sign In BTN >>>>>>>>>>
2023-06-17 19:13:06,489 [main] INFO Luma E-Commerce - >>>>>>>>> User can enter the userName >>>>>>>>>>
2023-06-17 19:13:06,642 [main] INFO Luma E-Commerce - >>>>>>>>> User can enter the password >>>>>>>>>>
2023-06-17 19:13:06,691 [main] INFO Luma E-Commerce - >>>>>>>>> User can click on log In BTN >>>>>>>>>>
2023-06-17 19:13:08,047 [main] INFO Luma E-Commerce - >>>>>>>>> User able to verify user info on the screen >>>>>>>>>>
2023-06-17 19:13:08,967 [main] INFO Luma E-Commerce - >>>>>>>>> User able to hover over top men module >>>>>>>>>>
2023-06-17 19:13:09,140 [main] INFO Luma E-Commerce - >>>>>>>>> User able to hover over tops inside the man module >>>>>>>>>>
2023-06-17 19:13:09,329 [main] INFO Luma E-Commerce - >>>>>>>>> User able to click on jacket >>>>>>>>>>
2023-06-17 19:14:20,761 [main] INFO Luma E-Commerce - >>>>>>>>> Test Execute On Chrome Browser >>>>>>>>>>
2023-06-17 19:14:21,058 [main] INFO io.github.bonigarcia.wdm.WebDriverManager - Using chromedriver 114.0.5735.90 (resolved driver for Chrome 114)
2023-06-17 19:14:21,079 [main] INFO io.github.bonigarcia.wdm.WebDriverManager - Exporting webdriver.chrome.driver as C:\Users\moham\.cache\selenium\chromedriver\win32\114.0.5735.90\chromedriver.exe
2023-06-17 19:14:23,425 [main] INFO Luma E-Commerce - >>>>>>>>> User can click on sign In BTN >>>>>>>>>>
2023-06-17 19:14:24,544 [main] INFO Luma E-Commerce - >>>>>>>>> User can enter the userName >>>>>>>>>>
2023-06-17 19:14:24,703 [main] INFO Luma E-Commerce - >>>>>>>>> User can enter the password >>>>>>>>>>
2023-06-17 19:14:24,748 [main] INFO Luma E-Commerce - >>>>>>>>> User can click on log In BTN >>>>>>>>>>
2023-06-17 19:14:26,036 [main] INFO Luma E-Commerce - >>>>>>>>> User able to verify user info on the screen >>>>>>>>>>
2023-06-17 19:14:26,911 [main] INFO Luma E-Commerce - >>>>>>>>> User able to hover over top men module >>>>>>>>>>
2023-06-17 19:14:27,089 [main] INFO Luma E-Commerce - >>>>>>>>> User able to hover over tops inside the man module >>>>>>>>>>
2023-06-17 19:14:27,259 [main] INFO Luma E-Commerce - >>>>>>>>> User able to click on jacket >>>>>>>>>>
2023-06-17 19:15:39,764 [main] INFO Luma E-Commerce - >>>>>>>>> Test Execute On Chrome Browser >>>>>>>>>>
2023-06-17 19:15:40,058 [main] INFO io.github.bonigarcia.wdm.WebDriverManager - Using chromedriver 114.0.5735.90 (resolved driver for Chrome 114)
2023-06-17 19:15:40,079 [main] INFO io.github.bonigarcia.wdm.WebDriverManager - Exporting webdriver.chrome.driver as C:\Users\moham\.cache\selenium\chromedriver\win32\114.0.5735.90\chromedriver.exe
2023-06-17 19:15:42,323 [main] INFO Luma E-Commerce - >>>>>>>>> User can click on sign In BTN >>>>>>>>>>
2023-06-17 19:15:43,430 [main] INFO Luma E-Commerce - >>>>>>>>> User can enter the userName >>>>>>>>>>
2023-06-17 19:15:43,588 [main] INFO Luma E-Commerce - >>>>>>>>> User can enter the password >>>>>>>>>>
2023-06-17 19:15:43,630 [main] INFO Luma E-Commerce - >>>>>>>>> User can click on log In BTN >>>>>>>>>>
2023-06-17 19:15:44,960 [main] INFO Luma E-Commerce - >>>>>>>>> User able to verify user info on the screen >>>>>>>>>>
2023-06-17 19:15:45,884 [main] INFO Luma E-Commerce - >>>>>>>>> User able to hover over top men module >>>>>>>>>>
2023-06-17 19:15:46,057 [main] INFO Luma E-Commerce - >>>>>>>>> User able to hover over tops inside the man module >>>>>>>>>>
2023-06-17 19:15:46,230 [main] INFO Luma E-Commerce - >>>>>>>>> User able to click on jacket >>>>>>>>>>
